[行 1] May → 暱稱重複
[行 2] Feiyun → 暱稱重複
[行 50] 隨緣 → 暱稱重複
[行 63] 寂靜之語 → 暱稱重複
[行 70] 消費愛情 → 暱稱重複
[行 71] 雪玉 → 暱稱重複
[行 142] 身朵豸苗豸苗 → 暱稱重複
[行 147] vvv風雲vvv → 暱稱重複
[行 164] 掛網雲飄 → 暱稱重複
[行 171] 北風北 → 暱稱重複
[行 183] 浪費愛情 → DB 錯誤：date/time field value out of range: "1974-09-31"
[行 209] 笑鐵面 → 暱稱重複
[行 220] 高雄佳渝 → 暱稱重複
[行 234] 躲貓貓 → 暱稱重複
[行 286] 花言醉語 → 暱稱重複
[行 288] 襪子 → 暱稱重複
[行 337] glance → 暱稱重複
[行 354] 戀雲芯思 → 暱稱重複
[行 422] 聲消人散 → DB 錯誤：duplicate key value violates unique constraint "ux_user_room"
[行 469] 黎薇 → 暱稱重複
[行 470] 方雨 → 暱稱重複
[行 482] 愛情擦身過 → 暱稱重複
[行 501] 不大不小 → 暱稱重複
[行 574] 香伶兒 → 暱稱重複
[行 608] 優閒掛網 → 暱稱重複
[行 612] 夢醒時分 → 暱稱重複
[行 628] 楓紅層層 → 暱稱重複
[行 641] 楚留香 → 暱稱重複
[行 693] ivy0303 → 暱稱重複
[行 714] 墨茶 → 暱稱重複
[行 743] 黯然魂銷 → 暱稱重複
[行 748] 四十 → 暱稱重複
[行 749] 雲舞揚 → 暱稱重複
[行 825] 酸雨 → 暱稱重複
[行 835] 夏夜 → 暱稱重複
[行 852] 花信風 → 暱稱重複
[行 861] 寒梅落雪 → 暱稱重複
[行 901] 今晚想來點 → 暱稱重複
[行 922] 以歌訴心 → 暱稱重複
[行 967] 涼涼 → 暱稱重複
[行 1020] 頭殼壞去 → 暱稱重複
[行 1024] appy → 暱稱重複
[行 1051] 葉夜 → 暱稱重複
[行 1073] 左旋c → 暱稱重複
[行 1099] 一色秋 → 暱稱重複
[行 1124] 泠凊 → 暱稱重複
[行 1228] 水月兩忘 → 暱稱重複
[行 1279] 實相圓滿 → 暱稱重複
[行 1281] 天使雅恩 → 暱稱重複
[行 1287] 太妃糖奶茶 → 暱稱重複
[行 1302] 命中有妳 → 暱稱重複
[行 1306] 在我心深處 → 暱稱重複
[行 1322] 布丁熊熊 → 暱稱重複
[行 1345] 白雲深處 → 暱稱重複
[行 1349] 冰心戀蝶 → 暱稱重複
[行 1354] 昨夜星辰 → 暱稱重複
[行 1355] 恭默守靜 → 暱稱重複
[行 1369] 昀可兒 → 暱稱重複
[行 1376] 只想安靜 → 暱稱重複
[行 1380] 宜文 → 暱稱重複
[行 1392] 笨哦 → 暱稱重複
[行 1393] 魔之使者 → DB 錯誤：date/time field value out of range: "1978-02-31"
[行 1409] 風月如雪 → 暱稱重複
[行 1437] 陌城 → 暱稱重複
[行 1451] 放手時 → 暱稱重複
[行 1452] 擎洛天 → 暱稱重複
[行 1482] 漣漪詞 → 暱稱重複
[行 1490] 澄澈心 → 暱稱重複
[行 1509] 繁星 → 暱稱重複
[行 1562] 雅曼 → 暱稱重複
[行 1566] 泉心 → 暱稱重複
[行 1599] 雪紛飛 → 暱稱重複
[行 1619] linwenjong → 暱稱重複
[行 1620] 活出美好 → 暱稱重複
[行 1633] 寄語蒼天 → 暱稱重複
[行 1639] 心連心 → 暱稱重複
[行 1656] 陽光~情人 → 暱稱重複
[行 1659] 閒情咖啡 → 暱稱重複
[行 1662] 跑堂的店小二 → 暱稱重複
[行 1671] 蝶沁琉褵 → 暱稱重複
[行 1675] 小迷糊妮可 → 暱稱重複
[行 1701] 訪客_丟搞喔 → 暱稱重複
[行 1720] 璇倪 → 暱稱重複
[行 1729] 深墨 → 暱稱重複
[行 1730] 隨人 → 暱稱重複
[行 1734] 流星kink → 暱稱重複
[行 1743] 春風戀卡兒 → 暱稱重複
[行 1773] NAMASTE → 暱稱重複
[行 1808] 君影 → 暱稱重複
[行 1820] 輕霧 → 暱稱重複
[行 1821] JP-4 → 暱稱重複
[行 1834] 美喵喵 → 暱稱重複
[行 1857] 黃泉 → 暱稱重複
[行 1882] 溫柔蜜雪 → 暱稱重複
[行 1889] 祕魯蝌蚪 → 暱稱重複
[行 1893] 旋律 → 暱稱重複
[行 1922] 柔君夢羽 → 暱稱重複
[行 1931] 虎尾蘭 → 暱稱重複
[行 1944] 風中話語 → 暱稱重複
[行 1958] 告別 → 暱稱重複
[行 1965] 訪客_笨鳥慢飛 → 暱稱重複
[行 1966] 開心嗎 → 暱稱重複
[行 1967] 日草 → 暱稱重複
[行 1981] 江楓雪月 → DB 錯誤：date/time field value out of range: "1997-02-29"
[行 1985] 悠悠我心 → 暱稱重複
[行 2011] 怜人 → 暱稱重複
[行 2015] ~寒心~ → DB 錯誤：date/time field value out of range: "1963-02-29"
[行 2029] 罕娜 → 暱稱重複
[行 2060] 全都無所謂 → 暱稱重複
[行 2116] 晨曦之雨 → 暱稱重複
[行 2125] 快樂芳心 → 暱稱重複
[行 2128] 550792 → 暱稱重複
[行 2129] 沐日語辰 → 暱稱重複
[行 2146] 肥鯊魚 → 暱稱重複
[行 2150] 雲天使 → 暱稱重複
[行 2166] 金拍道丁 → 暱稱重複
[行 2230] 奈揪古 → 暱稱重複
[行 2238] 平凡平淡 → 暱稱重複
[行 2266] 日月香草 → 暱稱重複
[行 2271] 孤澇屎 → 暱稱重複
[行 2346] 8072 → 暱稱重複
[行 2477] 淺醉 → 暱稱重複
[行 2506] 空幻水晶 → 暱稱重複
[行 2564] 訪客_大叔 → 暱稱重複
[行 2603] 幻祤 → 暱稱重複
[行 2626] 朱雀 → 暱稱重複
[行 2636] 號霸 → 暱稱重複
[行 2651] 芯悅 → 暱稱重複
[行 2668] 麥克風很破 → 暱稱重複
[行 2688] 迎風飛舞 → 暱稱重複
[行 2702] 佳渝 → 暱稱重複
[行 2716] 朦朧星宇 → 暱稱重複
[行 2739] 點燈 → 暱稱重複
[行 2744] 神秘傳說 → 暱稱重複
[行 2753] 深白色 → 暱稱重複
[行 2756] 金戲戲 → 暱稱重複
[行 2789] 幸運~滿分 → 暱稱重複
[行 2796] Floyd → 暱稱重複
[行 2858] 笑笑人生 → 暱稱重複
[行 2866] 無意間 → 暱稱重複
[行 2869] 沂軒 → 暱稱重複
[行 2913] 分手的智慧 → 暱稱重複
[行 2916] 柔情玉蝴蝶 → 暱稱重複
[行 2917] 回頭還是夢 → 暱稱重複
[行 2930] waltz → 暱稱重複
[行 2942] 珍愛自己 → 暱稱重複
[行 2952] 再續情緣 → 暱稱重複
[行 2967] 98765 → 暱稱重複
[行 2975] 隨處逛 → 暱稱重複
[行 3003] 凝星眸 → 暱稱重複
[行 3006] 思目魚 → 暱稱重複
[行 3086] 思念 → 暱稱重複
[行 3089] 弒殤ˋ → 暱稱重複
[行 3099] 非常天蠍 → 暱稱重複
[行 3107] 亞米美 → 暱稱重複
[行 3146] 風入松 → 暱稱重複
[行 3168] 憨憨臉 → 暱稱重複
[行 3192] 張small → 暱稱重複
[行 3195] 兩個人的月亮 → 暱稱重複
[行 3245] 醜小鴨 → 暱稱重複
[行 3268] 惜緣746 → 暱稱重複
[行 3309] 孤單心事 → 暱稱重複
[行 3321] 消失的咖啡 → 暱稱重複
[行 3369] 天同星 → 暱稱重複
[行 3373] 漂流3 → 暱稱重複
[行 3375] 利可白 → 暱稱重複
[行 3397] 梔子 → 暱稱重複
[行 3398] 風吹來的人 → 暱稱重複
[行 3418] 醉戀☆雨荷 → 暱稱重複
[行 3555] 凱莎琳 → 暱稱重複
[行 3582] 愛考愛對囉 → 暱稱重複
[行 3596] 張學友 → 暱稱重複
[行 3608] 孤獨影子 → 暱稱重複
[行 3612] 月光芯希亞 → 暱稱重複
[行 3614] 自然系 → 暱稱重複
[行 3616] 一鬼嘻一 → 暱稱重複
[行 3626] 悄然 → 暱稱重複
[行 3633] 孫時雨 → 暱稱重複
[行 3635] 過境 → DB 錯誤：date/time field value out of range: "1975-11-31"
[行 3661] cjcartw → 暱稱重複
[行 3677] 清清楚楚 → 暱稱重複
[行 3714] 落差 → 暱稱重複
[行 3749] 映妡 → DB 錯誤：date/time field value out of range: "1997-02-29"
[行 3755] 漾星 → 暱稱重複
[行 3768] 隨意逛逛 → 暱稱重複
[行 3783] 家淨人安 → 暱稱重複
[行 3846] 蕭歸剛 → 暱稱重複
[行 3865] 凹唱歌超難聽凹 → 暱稱重複
[行 3899] 一字無 → 暱稱重複
[行 3900] 無名 → 暱稱重複
[行 3917] 隨意自在 → 暱稱重複
[行 3924] 女朋友 → 暱稱重複
[行 3940] 莫子櫻 → 暱稱重複
[行 3952] 綠竹筍沙拉 → 暱稱重複
[行 3953] 艾黎鶴 → 暱稱重複
[行 3956] 別再傻 → 暱稱重複
[行 3970] 點點喵 → 暱稱重複
[行 3976] 哇沙米醬油 → 暱稱重複
[行 3982] 千層雲 → 暱稱重複
[行 3993] 順其自然 → 暱稱重複
[行 4007] 雪冷風 → 暱稱重複
[行 4029] 聽歌來的 → 暱稱重複
[行 4048] 全智岩 → 暱稱重複
[行 4049] 假面電王 → 暱稱重複
[行 4072] 閒雲野鶴 → 暱稱重複
[行 4074] 莫染初心 → 暱稱重複
[行 4078] 風鈴草2026 → 暱稱重複
[行 4087] 訪客_聽歌 → 暱稱重複
[行 4103] 傷心天涯 → 暱稱重複
[行 4135] 我我我 → 暱稱重複
[行 4152] 回首夢已遠 → 暱稱重複
[行 4161] 淡藍日光 → 暱稱重複
[行 4162] 借過的錯過 → 暱稱重複
[行 4163] 聽唱 → 暱稱重複
[行 4178] 笑看人間事 → 暱稱重複
[行 4185] 落花飄 → 暱稱重複
[行 4210] 回憶滿是傷 → 暱稱重複
[行 4212] 水羽靈 → 暱稱重複
[行 4231] GoodDay2Die → DB 錯誤：duplicate key value violates unique constraint "ux_user_room"
[行 4232] Born2BeWild → 暱稱重複
[行 4235] 寒江影孤 → 暱稱重複
[行 4236] 淡忘回憶 → 暱稱重複
[行 4237] 偶然來自緣份 → 暱稱重複
[行 4238] 緣份來自偶然 → 暱稱重複
[行 4244] 花點時間 → 暱稱重複
[行 4245] 來串門子 → 暱稱重複
[行 4264] 柯嘉妮 → 暱稱重複
[行 4265] 一萬光年 → 暱稱重複
[行 4267] 皮蛋粥 → 暱稱重複
[行 4296] 忘了愛你 → 暱稱重複
[行 4312] 緝子 → 暱稱重複
[行 4334] RockandRoll → 暱稱重複
[行 4361] 風輕揚 → 暱稱重複
[行 4365] 雪舞緣生 → 暱稱重複
[行 4418] legend → 暱稱重複
[行 4430] 聽首歌的時間 → DB 錯誤：duplicate key value violates unique constraint "ux_user_room"
[行 4432] 時光倒回 → 暱稱重複
[行 4463] 詩語星欣 → 暱稱重複
[行 4505] ♂星星★ → 暱稱重複
[行 4523] 揚灑自若 → 暱稱重複
[行 4524] 獨上蘭舟 → 暱稱重複
[行 4528] 飛象不過海 → 暱稱重複
[行 4536] 一歲愛吃奶嘴 → 暱稱重複
[行 4555] 夜語嵐 → 暱稱重複
[行 4585] 沉寂 → 暱稱重複
[行 4594] 落入凡塵精靈 → 暱稱重複
[行 4601] Rebaco → 暱稱重複
[行 4603] 紅塵過客 → 暱稱重複
[行 4615] ~一直沉默~ → 暱稱重複
[行 4630] 花拓海 → 暱稱重複
[行 4644] 月下炊煙 → 暱稱重複
[行 4649] 珍愛 → 暱稱重複
[行 4655] 買買手氣 → 暱稱重複
[行 4670] 阿噗 → 暱稱重複
[行 4682] Autumn → 暱稱重複
[行 4687] 飛天豬 → 暱稱重複
[行 4692] 綠水無憂 → 暱稱重複
[行 4700] 隨遇而安 → 暱稱重複
[行 4709] 熊熙 → 暱稱重複
[行 4744] 慢慢溫 → 暱稱重複
[行 4751] 呷麵A阿花 → 暱稱重複
[行 4775] 幾乎 → 暱稱重複
[行 4791] 感覺很重要 → 暱稱重複
[行 4795] 乂戀羽乂 → 暱稱重複
[行 4797] 數不盡的餘生 → 暱稱重複
[行 4801] 隱居者 → 暱稱重複
[行 4825] 一紙情書 → 暱稱重複
[行 4838] 芒果冰 → 暱稱重複
[行 4852] 蔡秋鳳 → 暱稱重複
[行 4853] 煙汐憶夢 → 暱稱重複
[行 4854] 有殺氣的蘿莉 → 暱稱重複
[行 4861] 車門就要關了 → 暱稱重複
[行 4864] 夢羽醉蝶 → 暱稱重複
[行 4867] 不萌只撩你 → 暱稱重複
[行 4879] 全都是假像 → 暱稱重複
[行 4884] 單曲循環 → 暱稱重複
[行 4889] 我關燈後很美 → 暱稱重複
[行 4893] 小錯錯 → 暱稱重複
[行 4894] 早已忘了 → 暱稱重複
[行 4895] 拿鐵來一杯 → 暱稱重複
[行 4896] 萌噠噠的傲氣 → 暱稱重複
[行 4904] 愛戀蝶蝶 → 暱稱重複
[行 4911] 141421 → DB 錯誤：duplicate key value violates unique constraint "ux_user_room"
[行 4925] 四季荳 → 暱稱重複
[行 4934] 緣殤無痕 → 暱稱重複
[行 4943] 你看不到我 → 暱稱重複
[行 4949] 輕雲空飄 → 暱稱重複
[行 4955] 薔薇紫陌 → 暱稱重複
[行 4961] 輕雨綿綿 → 暱稱重複
[行 4974] 把雲託給風 → 暱稱重複
[行 4975] 純聽音樂 → 暱稱重複
[行 4977] 清風 → 暱稱重複
[行 5016] 零度空間 → 暱稱重複
[行 5036] 斬斷糾纏的愛 → 暱稱重複
[行 5038] 請抓住我的手 → 暱稱重複
[行 5039] 阿珩 → 暱稱重複
[行 5046] 傑克 → 暱稱重複
[行 5048] 楓鈴 → 暱稱重複
[行 5049] 蝴蝶心 → 暱稱重複
[行 5054] 浮生 → 暱稱重複
[行 5066] 你臉上有東西 → 暱稱重複
[行 5082] 貓遇上魚 → 暱稱重複
[行 5093] 淺墨惜晨 → 暱稱重複
[行 5104] 你你你 → 暱稱重複
[行 5110] 敬！美聲～ → 暱稱重複
[行 5134] 戒愛 → 暱稱重複
[行 5146] 感覺不重要 → 暱稱重複
[行 5149] 第五季節 → 暱稱重複
[行 5152] 滯念 → 暱稱重複
[行 5156] Puss → 暱稱重複
[行 5180] 訪客_聽風無語 → 暱稱重複
[行 5191] 狂熱小粉絲 → 暱稱重複
[行 5203] 獅子座 → 暱稱重複
[行 5217] 健笑系 → 暱稱重複
[行 5223] 秋雨翔 → 暱稱重複
[行 5239] 不帥只寵你 → 暱稱重複
[行 5243] 夏語天 → 暱稱重複
[行 5258] 藏在你的天空 → 暱稱重複
[行 5262] 夢想起飛 → 暱稱重複
[行 5272] 雲淺 → 暱稱重複
[行 5287] 默凝 → 暱稱重複
[行 5295] 木兆 → 暱稱重複
[行 5296] 幻覺 → 暱稱重複
[行 5299] 向陽 → 暱稱重複
[行 5308] 曼波魚游啊游 → 暱稱重複
[行 5309] 圈谷 → 暱稱重複
[行 5320] 晶雕細琢 → 暱稱重複
[行 5329] 星星的心情 → 暱稱重複
[行 5333] 曼珠沙華 → 暱稱重複
[行 5339] 荷包蛋 → 暱稱重複
[行 5347] 幾落冬 → 暱稱重複
[行 5356] 凌鳳水嫣 → 暱稱重複
[行 5359] 紫色星辰 → 暱稱重複
[行 5360] 設計師 → 暱稱重複
[行 5392] 忘記了暱稱 → 暱稱重複
[行 5397] 雨之後 → 暱稱重複
[行 5413] 冷橙曦 → 暱稱重複
[行 5416] 萬語 → 暱稱重複
[行 5421] 喜歡靜靜聽～ → 暱稱重複
[行 5427] 小辣家的小花 → 暱稱重複
[行 5480] 嫦娥 → 暱稱重複
[行 5490] 紅茶半糖 → 暱稱重複
[行 5492] 我媽會游泳 → 暱稱重複
[行 5496] 啤酒花 → 暱稱重複
[行 5501] 雲之朵朵 → 暱稱重複
[行 5508] 珍珠芋圓 → 暱稱重複
[行 5531] 荷塘月色 → 暱稱重複
[行 5535] 加辣缺辣味 → 暱稱重複
[行 5540] ~四無君之傻嘻嘻~ → DB 錯誤：date/time field value out of range: "1981-02-30"
[行 5544] 殘月碎夢 → 暱稱重複
[行 5560] 火焙 → 暱稱重複
[行 5565] 我帥的不明顯 → 暱稱重複
[行 5574] 螢火蟲 → 暱稱重複
[行 5575] 不能讓你知道 → 暱稱重複
[行 5581] 聽風 → 暱稱重複
[行 5604] apple → 暱稱重複
[行 5605] 幸運草 → 暱稱重複
[行 5623] 妮可 → 暱稱重複
[行 5629] 微光晨曦 → 暱稱重複
[行 5636] 角落 → 暱稱重複
[行 5637] 小胖子 → 暱稱重複
[行 5638] 靜臥回憶裡 → 暱稱重複
[行 5677] 嘎爪 → 暱稱重複
[行 5679] 聽聽歌 → 暱稱重複
[行 5687] 虎蘭若 → 暱稱重複
[行 5706] 斷情月 → 暱稱重複
[行 5707] CHAT → 暱稱重複
[行 5710] 情無所依 → 暱稱重複
[行 5714] 回眸不笑 → 暱稱重複
[行 5726] 旁聽 → 暱稱重複
[行 5730] 雪花藍 → 暱稱重複
[行 5732] 正義風格 → 暱稱重複
[行 5733] 喜歡唱歌 → 暱稱重複
[行 5748] 痴音喔喔 → 暱稱重複
[行 5767] 海之藍 → 暱稱重複
[行 5769] 川光空雪 → 暱稱重複
[行 5785] 這道光 → 暱稱重複
[行 5787] 阮重生 → DB 錯誤：duplicate key value violates unique constraint "ux_user_room"
[行 5792] 箬姒泠玥 → 暱稱重複
[行 5807] 初晴 → 暱稱重複
[行 5818] 裔羽玥 → 暱稱重複
[行 5839] 修煉無歲月 → 暱稱重複
[行 5848] 亦悠然 → 暱稱重複
[行 5852] 時光清淺 → 暱稱重複
[行 5854] 沈聰 → 暱稱重複
[行 5873] 卡卡貓 → 暱稱重複
[行 5878] 夏晞 → 暱稱重複
[行 5889] 雲夢 → 暱稱重複
[行 5899] 我渣的不明顯 → 暱稱重複
[行 5917] 寂寞在唱歌 → 暱稱重複
[行 5941] 辣手摧花 → 暱稱重複
[行 5956] 旁聽席 → 暱稱重複
[行 5967] 毛球記憶 → 暱稱重複
[行 5969] 青銅 → 暱稱重複
[行 5980] 夏緣秋戀 → 暱稱重複
[行 5991] 散步詠涼天 → 暱稱重複
[行 6026] 總會有人 → 暱稱重複
[行 6027] 星靈喵 → 暱稱重複
[行 6041] 懸心 → 暱稱重複
[行 6043] 悠悠~我心 → 暱稱重複
[行 6044] 青蛙呷麵 → 暱稱重複
[行 6045] crybaby → 暱稱重複
[行 6076] 是否是否 → 暱稱重複
[行 6085] 一直很安靜 → 暱稱重複
[行 6094] 阿九 → 暱稱重複
[行 6100] 倒數計時ING → 暱稱重複
[行 6103] 伊人 → 暱稱重複
[行 6116] 雲淡 → 暱稱重複
[行 6125] 帶刺紅玫瑰 → 暱稱重複
[行 6137] 心知靜 → 暱稱重複
[行 6151] 樊魂 → 暱稱重複
[行 6154] 裔芸 → 暱稱重複
[行 6155] 踏星而來 → 暱稱重複
[行 6166] 環遊世界 → 暱稱重複
[行 6170] 壹柒玖玖 → 暱稱重複
[行 6172] 白汐玥 → 暱稱重複
[行 6178] 米可 → 暱稱重複
[行 6181] 落日餘暉 → 暱稱重複
[行 6188] 一直是晴天 → 暱稱重複
[行 6213] 安然無恙 → 暱稱重複
[行 6223] 聽風的歌 → 暱稱重複
[行 6224] PinkMoon → 暱稱重複
[行 6228] 早到。晚到 → 暱稱重複
[行 6232] 紫萱 → 暱稱重複
[行 6234] 織音 → 暱稱重複
[行 6239] 微雨煮茶 → DB 錯誤：duplicate key value violates unique constraint "ux_user_room"
[行 6240] Melodies → 暱稱重複
[行 6242] 化風雨 → 暱稱重複
[行 6243] 再當機請退錢 → 暱稱重複
[行 6272] 微微醉 → 暱稱重複
[行 6278] 17775 → 暱稱重複
[行 6303] 青蘋果 → 暱稱重複
[行 6327] 亦可 → 暱稱重複
[行 6350] 寂悸釋然 → 暱稱重複
[行 6366] 妳說的話 → 暱稱重複
[行 6372] 蝶豆花 → 暱稱重複
[行 6428] 眼成海卻未藍 → 暱稱重複
[行 6439] 霓凰 → 暱稱重複
[行 6441] 左邊的誓言 → 暱稱重複
[行 6443] 武林萌主 → 暱稱重複
[行 6449] 不知所云 → 暱稱重複
[行 6454] 百威酒 → 暱稱重複
[行 6463] 鳳凰 → 暱稱重複
[行 6535] 風馳電掣 → 暱稱重複
[行 6538] 蕭歸暗 → 暱稱重複
[行 6585] 聽雨的歌 → 暱稱重複
[行 6613] 与善不予 → 暱稱重複
[行 6670] 微甜幸福 → 暱稱重複
[行 6698] 冷酷雙魚 → 暱稱重複
[行 6721] 雨薇 → 暱稱重複
[行 6722] 紫菱 → 暱稱重複
[行 6734] 聲聲慢 → 暱稱重複
[行 6735] 呷麵A阿珠 → 暱稱重複
[行 6737] 夢幻星辰 → 暱稱重複
[行 6743] 摸魚聽歌聊天 → 暱稱重複
[行 6749] puzzle → 暱稱重複
[行 6770] 夢涵星晨 → 暱稱重複
[行 6794] ㄉㄨㄞ-妖 → 暱稱重複
[行 6801] 華麗的廢墟 → 暱稱重複
[行 6808] 彌影 → 暱稱重複
[行 6818] 暗夜 → 暱稱重複
[行 6819] 紅玫酒 → 暱稱重複
[行 6820] 微笑阿峰 → 暱稱重複
[行 6833] 機會命運 → 暱稱重複
[行 6835] 柒玖 → 暱稱重複
[行 6843] 浪漫依戀 → 暱稱重複
[行 6863] 斷捨離 → 暱稱重複
[行 6887] QQ愛 → 暱稱重複
[行 6912] 朵朵開 → DB 錯誤：duplicate key value violates unique constraint "ux_user_room"
[行 6930] 星光夜語 → 暱稱重複
[行 6950] 邱習郎 → 暱稱重複
[行 6969] art → 暱稱重複
[行 6973] 閃道妖 → 暱稱重複
[行 6991] 小虎斑貓可愛 → 暱稱重複
[行 7001] 星空二顆星 → 暱稱重複
[行 7022] 婗麥香 → 暱稱重複
[行 7027] 幸運滿分 → 暱稱重複
[行 7033] Aki → 暱稱重複
[行 7035] middle → 暱稱重複
[行 7043] 既然琴瑟起 → 暱稱重複
[行 7049] 明明是 → 暱稱重複
[行 7054] 純白玲瓏 → 暱稱重複
[行 7057] 左岸咖啡 → 暱稱重複
[行 7058] 風信子 → 暱稱重複
[行 7073] 玫瑰花語 → 暱稱重複
[行 7075] 微風音符 → 暱稱重複
[行 7076] 漫步星空 → 暱稱重複
[行 7077] 花語寄情 → 暱稱重複
[行 7112] 去有風的地方 → 暱稱重複